[debug] [2025-12-19T06:41:50.528Z] [Firebase Plugin] Activating Firebase extension.
[debug] [2025-12-19T06:42:13.675Z] [Firebase Plugin] requireAuthWrapper
[debug] [2025-12-19T06:42:13.706Z] > command requires scopes: ["email","openid","https://www.googleapis.com/auth/cloudplatformprojects.readonly","https://www.googleapis.com/auth/firebase","https://www.googleapis.com/auth/cloud-platform"]
[debug] [2025-12-19T06:42:13.708Z] > authorizing via signed-in user (hein@ownership.speccon.co.za)
[debug] [2025-12-19T06:42:13.742Z] Checked if tokens are valid: false, expires at: 1766099950827
[debug] [2025-12-19T06:42:13.745Z] Checked if tokens are valid: false, expires at: 1766099950827
[debug] [2025-12-19T06:42:13.751Z] > refreshing access token with scopes: []
[debug] [2025-12-19T06:42:13.761Z] >>> [apiv2][query] POST https://www.googleapis.com/oauth2/v3/token [none]
[debug] [2025-12-19T06:42:13.761Z] >>> [apiv2][body] POST https://www.googleapis.com/oauth2/v3/token [omitted]
[debug] [2025-12-19T06:42:13.837Z] [Firebase Plugin] VSCode notification server listening on port 40001
[info] [Firebase Plugin] Starting Data Connect toolkit (version 3.0.0) on port 50001
[debug] [2025-12-19T06:42:16.424Z] 'fdc build' failed with error: Unable to build your Data Connect schema and connectors (exit code 1): E1219 08:42:16.404960    8616 cmd.go:43] Error loading data connect config: could not find dataconnect.yaml in `c:\Users\theoc\OneDrive\Desktop\Work\Marketing-Website-Management-\dataconnect`
 {"metadata":{"emulator":{"name":"dataconnect"},"message":"'fdc build' failed with error: Unable to build your Data Connect schema and connectors (exit code 1): E1219 08:42:16.404960    8616 cmd.go:43] Error loading data connect config: could not find dataconnect.yaml in `c:\\Users\\theoc\\OneDrive\\Desktop\\Work\\Marketing-Website-Management-\\dataconnect`\n"}}
[debug] [2025-12-19T06:42:16.425Z] Ignoring unsupported arg: auto_download {"metadata":{"emulator":{"name":"dataconnect"},"message":"Ignoring unsupported arg: auto_download"}}
[debug] [2025-12-19T06:42:16.426Z] Ignoring unsupported arg: port {"metadata":{"emulator":{"name":"dataconnect"},"message":"Ignoring unsupported arg: port"}}
[debug] [2025-12-19T06:42:16.426Z] Starting Data Connect Emulator with command {"binary":"C:\\Users\\theoc\\.cache\\firebase\\emulators\\dataconnect-emulator-3.0.0.exe","args":["--logtostderr","-v=2","dev","--listen=localhost:50001","--config_dir=c:\\Users\\theoc\\OneDrive\\Desktop\\Work\\Marketing-Website-Management-\\dataconnect","--enable_output_schema_extensions=true","--enable_output_generated_sdk=true"],"optionalArgs":["listen","config_dir","enable_output_schema_extensions","enable_output_generated_sdk"],"joinArgs":true,"shell":false,"port":9399} {"metadata":{"emulator":{"name":"dataconnect"},"message":"Starting Data Connect Emulator with command {\"binary\":\"C:\\\\Users\\\\theoc\\\\.cache\\\\firebase\\\\emulators\\\\dataconnect-emulator-3.0.0.exe\",\"args\":[\"--logtostderr\",\"-v=2\",\"dev\",\"--listen=localhost:50001\",\"--config_dir=c:\\\\Users\\\\theoc\\\\OneDrive\\\\Desktop\\\\Work\\\\Marketing-Website-Management-\\\\dataconnect\",\"--enable_output_schema_extensions=true\",\"--enable_output_generated_sdk=true\"],\"optionalArgs\":[\"listen\",\"config_dir\",\"enable_output_schema_extensions\",\"enable_output_generated_sdk\"],\"joinArgs\":true,\"shell\":false,\"port\":9399}"}}
[info] i  dataconnect: Data Connect Emulator logging to dataconnect-debug.log {"metadata":{"emulator":{"name":"dataconnect"},"message":"Data Connect Emulator logging to \u001b[1mdataconnect-debug.log\u001b[22m"}}
[debug] [2025-12-19T06:42:17.274Z] E1219 08:42:16.771628    6272 dev.go:83] Failed to load initial config from "c:\\Users\\theoc\\OneDrive\\Desktop\\Work\\Marketing-Website-Management-\\dataconnect": could not find dataconnect.yaml in `c:\Users\theoc\OneDrive\Desktop\Work\Marketing-Website-Management-\dataconnect`
E1219 08:42:16.776168    6272 watch.go:116] watchAllDir unable to walk dir `c:\Users\theoc\OneDrive\Desktop\Work\Marketing-Website-Management-\dataconnect`: CreateFile c:\Users\theoc\OneDrive\Desktop\Work\Marketing-Website-Management-\dataconnect: The system cannot find the file specified.
I1219 08:42:17.033516    6272 dev.go:104] Listening on address (HTTP + gRPC): 127.0.0.1:50001
 {"metadata":{"emulator":{"name":"dataconnect"},"message":"E1219 08:42:16.771628    6272 dev.go:83] Failed to load initial config from \"c:\\\\Users\\\\theoc\\\\OneDrive\\\\Desktop\\\\Work\\\\Marketing-Website-Management-\\\\dataconnect\": could not find dataconnect.yaml in `c:\\Users\\theoc\\OneDrive\\Desktop\\Work\\Marketing-Website-Management-\\dataconnect`\nE1219 08:42:16.776168    6272 watch.go:116] watchAllDir unable to walk dir `c:\\Users\\theoc\\OneDrive\\Desktop\\Work\\Marketing-Website-Management-\\dataconnect`: CreateFile c:\\Users\\theoc\\OneDrive\\Desktop\\Work\\Marketing-Website-Management-\\dataconnect: The system cannot find the file specified.\nI1219 08:42:17.033516    6272 dev.go:104] Listening on address (HTTP + gRPC): 127.0.0.1:50001\n"}}
[debug] [2025-12-19T06:42:17.400Z] <<< [apiv2][status] POST https://www.googleapis.com/oauth2/v3/token 400
[debug] [2025-12-19T06:42:17.414Z] <<< [apiv2][body] POST https://www.googleapis.com/oauth2/v3/token [omitted]
[error] Authentication Error: Your credentials are no longer valid. Please run firebase login --reauth

For CI servers and headless environments, generate a new token with firebase login:ci
[error] Authentication Error: Your credentials are no longer valid. Please run firebase login --reauth

For CI servers and headless environments, generate a new token with firebase login:ci
[error] [Firebase Plugin] requireAuth error: Authentication Error: Your credentials are no longer valid. Please run firebase login --reauth

For CI servers and headless environments, generate a new token with firebase login:ci
[error] [Firebase Plugin] error:  {}
[debug] [2025-12-19T06:42:26.802Z] E1219 08:42:26.783166    6272 watch.go:40] Failed to load config from "c:\\Users\\theoc\\OneDrive\\Desktop\\Work\\Marketing-Website-Management-\\dataconnect": could not find dataconnect.yaml in `c:\Users\theoc\OneDrive\Desktop\Work\Marketing-Website-Management-\dataconnect`
 {"metadata":{"emulator":{"name":"dataconnect"},"message":"E1219 08:42:26.783166    6272 watch.go:40] Failed to load config from \"c:\\\\Users\\\\theoc\\\\OneDrive\\\\Desktop\\\\Work\\\\Marketing-Website-Management-\\\\dataconnect\": could not find dataconnect.yaml in `c:\\Users\\theoc\\OneDrive\\Desktop\\Work\\Marketing-Website-Management-\\dataconnect`\n"}}
[debug] [2025-12-19T06:42:36.785Z] E1219 08:42:36.783397    6272 watch.go:40] Failed to load config from "c:\\Users\\theoc\\OneDrive\\Desktop\\Work\\Marketing-Website-Management-\\dataconnect": could not find dataconnect.yaml in `c:\Users\theoc\OneDrive\Desktop\Work\Marketing-Website-Management-\dataconnect`
 {"metadata":{"emulator":{"name":"dataconnect"},"message":"E1219 08:42:36.783397    6272 watch.go:40] Failed to load config from \"c:\\\\Users\\\\theoc\\\\OneDrive\\\\Desktop\\\\Work\\\\Marketing-Website-Management-\\\\dataconnect\": could not find dataconnect.yaml in `c:\\Users\\theoc\\OneDrive\\Desktop\\Work\\Marketing-Website-Management-\\dataconnect`\n"}}
[debug] [2025-12-19T06:42:46.778Z] E1219 08:42:46.779521    6272 watch.go:40] Failed to load config from "c:\\Users\\theoc\\OneDrive\\Desktop\\Work\\Marketing-Website-Management-\\dataconnect": could not find dataconnect.yaml in `c:\Users\theoc\OneDrive\Desktop\Work\Marketing-Website-Management-\dataconnect`
 {"metadata":{"emulator":{"name":"dataconnect"},"message":"E1219 08:42:46.779521    6272 watch.go:40] Failed to load config from \"c:\\\\Users\\\\theoc\\\\OneDrive\\\\Desktop\\\\Work\\\\Marketing-Website-Management-\\\\dataconnect\": could not find dataconnect.yaml in `c:\\Users\\theoc\\OneDrive\\Desktop\\Work\\Marketing-Website-Management-\\dataconnect`\n"}}
[debug] [2025-12-19T06:42:56.781Z] E1219 08:42:56.780178    6272 watch.go:40] Failed to load config from "c:\\Users\\theoc\\OneDrive\\Desktop\\Work\\Marketing-Website-Management-\\dataconnect": could not find dataconnect.yaml in `c:\Users\theoc\OneDrive\Desktop\Work\Marketing-Website-Management-\dataconnect`
 {"metadata":{"emulator":{"name":"dataconnect"},"message":"E1219 08:42:56.780178    6272 watch.go:40] Failed to load config from \"c:\\\\Users\\\\theoc\\\\OneDrive\\\\Desktop\\\\Work\\\\Marketing-Website-Management-\\\\dataconnect\": could not find dataconnect.yaml in `c:\\Users\\theoc\\OneDrive\\Desktop\\Work\\Marketing-Website-Management-\\dataconnect`\n"}}
[info] [Firebase Plugin] Stopping Data Connect toolkit
[warn] !  Data Connect Emulator has exited upon receiving signal: SIGINT 
[debug] [2025-12-23T17:34:11.622Z] [Firebase Plugin] Activating Firebase extension.
[debug] [2025-12-23T17:34:17.391Z] [Firebase Plugin] requireAuthWrapper
[debug] [2025-12-23T17:34:17.397Z] > command requires scopes: ["email","openid","https://www.googleapis.com/auth/cloudplatformprojects.readonly","https://www.googleapis.com/auth/firebase","https://www.googleapis.com/auth/cloud-platform"]
[debug] [2025-12-23T17:34:17.398Z] > authorizing via signed-in user (hein@ownership.speccon.co.za)
[debug] [2025-12-23T17:34:17.403Z] Checked if tokens are valid: false, expires at: 1766496073844
[debug] [2025-12-23T17:34:17.404Z] Checked if tokens are valid: false, expires at: 1766496073844
[debug] [2025-12-23T17:34:17.405Z] > refreshing access token with scopes: []
[debug] [2025-12-23T17:34:17.408Z] >>> [apiv2][query] POST https://www.googleapis.com/oauth2/v3/token [none]
[debug] [2025-12-23T17:34:17.408Z] >>> [apiv2][body] POST https://www.googleapis.com/oauth2/v3/token [omitted]
[debug] [2025-12-23T17:34:17.434Z] [Firebase Plugin] VSCode notification server listening on port 40001
[info] [Firebase Plugin] Starting Data Connect toolkit (version 3.0.0) on port 50001
[debug] [2025-12-23T17:34:19.209Z] 'fdc build' failed with error: Unable to build your Data Connect schema and connectors (exit code 1): E1223 19:34:19.188491   40264 cmd.go:43] Error loading data connect config: could not find dataconnect.yaml in `c:\Users\theoc\OneDrive\Desktop\Work\Marketing-Website-Management-\dataconnect`
 {"metadata":{"emulator":{"name":"dataconnect"},"message":"'fdc build' failed with error: Unable to build your Data Connect schema and connectors (exit code 1): E1223 19:34:19.188491   40264 cmd.go:43] Error loading data connect config: could not find dataconnect.yaml in `c:\\Users\\theoc\\OneDrive\\Desktop\\Work\\Marketing-Website-Management-\\dataconnect`\n"}}
[debug] [2025-12-23T17:34:19.210Z] Ignoring unsupported arg: auto_download {"metadata":{"emulator":{"name":"dataconnect"},"message":"Ignoring unsupported arg: auto_download"}}
[debug] [2025-12-23T17:34:19.211Z] Ignoring unsupported arg: port {"metadata":{"emulator":{"name":"dataconnect"},"message":"Ignoring unsupported arg: port"}}
[debug] [2025-12-23T17:34:19.211Z] Starting Data Connect Emulator with command {"binary":"C:\\Users\\theoc\\.cache\\firebase\\emulators\\dataconnect-emulator-3.0.0.exe","args":["--logtostderr","-v=2","dev","--listen=localhost:50001","--config_dir=c:\\Users\\theoc\\OneDrive\\Desktop\\Work\\Marketing-Website-Management-\\dataconnect","--enable_output_schema_extensions=true","--enable_output_generated_sdk=true"],"optionalArgs":["listen","config_dir","enable_output_schema_extensions","enable_output_generated_sdk"],"joinArgs":true,"shell":false,"port":9399} {"metadata":{"emulator":{"name":"dataconnect"},"message":"Starting Data Connect Emulator with command {\"binary\":\"C:\\\\Users\\\\theoc\\\\.cache\\\\firebase\\\\emulators\\\\dataconnect-emulator-3.0.0.exe\",\"args\":[\"--logtostderr\",\"-v=2\",\"dev\",\"--listen=localhost:50001\",\"--config_dir=c:\\\\Users\\\\theoc\\\\OneDrive\\\\Desktop\\\\Work\\\\Marketing-Website-Management-\\\\dataconnect\",\"--enable_output_schema_extensions=true\",\"--enable_output_generated_sdk=true\"],\"optionalArgs\":[\"listen\",\"config_dir\",\"enable_output_schema_extensions\",\"enable_output_generated_sdk\"],\"joinArgs\":true,\"shell\":false,\"port\":9399}"}}
[info] i  dataconnect: Data Connect Emulator logging to dataconnect-debug.log {"metadata":{"emulator":{"name":"dataconnect"},"message":"Data Connect Emulator logging to \u001b[1mdataconnect-debug.log\u001b[22m"}}
[debug] [2025-12-23T17:34:19.372Z] E1223 19:34:19.331787   23068 dev.go:83] Failed to load initial config from "c:\\Users\\theoc\\OneDrive\\Desktop\\Work\\Marketing-Website-Management-\\dataconnect": could not find dataconnect.yaml in `c:\Users\theoc\OneDrive\Desktop\Work\Marketing-Website-Management-\dataconnect`
E1223 19:34:19.334796   23068 watch.go:116] watchAllDir unable to walk dir `c:\Users\theoc\OneDrive\Desktop\Work\Marketing-Website-Management-\dataconnect`: CreateFile c:\Users\theoc\OneDrive\Desktop\Work\Marketing-Website-Management-\dataconnect: The system cannot find the file specified.
 {"metadata":{"emulator":{"name":"dataconnect"},"message":"E1223 19:34:19.331787   23068 dev.go:83] Failed to load initial config from \"c:\\\\Users\\\\theoc\\\\OneDrive\\\\Desktop\\\\Work\\\\Marketing-Website-Management-\\\\dataconnect\": could not find dataconnect.yaml in `c:\\Users\\theoc\\OneDrive\\Desktop\\Work\\Marketing-Website-Management-\\dataconnect`\nE1223 19:34:19.334796   23068 watch.go:116] watchAllDir unable to walk dir `c:\\Users\\theoc\\OneDrive\\Desktop\\Work\\Marketing-Website-Management-\\dataconnect`: CreateFile c:\\Users\\theoc\\OneDrive\\Desktop\\Work\\Marketing-Website-Management-\\dataconnect: The system cannot find the file specified.\n"}}
[debug] [2025-12-23T17:34:19.428Z] I1223 19:34:19.380319   23068 dev.go:104] Listening on address (HTTP + gRPC): 127.0.0.1:50001
 {"metadata":{"emulator":{"name":"dataconnect"},"message":"I1223 19:34:19.380319   23068 dev.go:104] Listening on address (HTTP + gRPC): 127.0.0.1:50001\n"}}
[debug] [2025-12-23T17:34:19.873Z] <<< [apiv2][status] POST https://www.googleapis.com/oauth2/v3/token 200
[debug] [2025-12-23T17:34:19.875Z] <<< [apiv2][body] POST https://www.googleapis.com/oauth2/v3/token [omitted]
[debug] [2025-12-23T17:34:19.934Z] [Firebase Plugin] User found:  hein@ownership.speccon.co.za
[info] [Firebase Plugin] (Core:Project) New user detected, fetching projects
[debug] [2025-12-23T17:34:19.936Z] Checked if tokens are valid: true, expires at: 1766514858876
[debug] [2025-12-23T17:34:19.937Z] >>> [apiv2][query] GET https://firebase.googleapis.com/v1beta1/projects pageSize=1000
[error] [Firebase Plugin] error:  {}
[debug] [2025-12-23T17:34:21.384Z] <<< [apiv2][status] GET https://firebase.googleapis.com/v1beta1/projects 200
[debug] [2025-12-23T17:34:21.385Z] <<< [apiv2][body] GET https://firebase.googleapis.com/v1beta1/projects [omitted]
[debug] [2025-12-23T17:34:29.341Z] E1223 19:34:29.338575   23068 watch.go:40] Failed to load config from "c:\\Users\\theoc\\OneDrive\\Desktop\\Work\\Marketing-Website-Management-\\dataconnect": could not find dataconnect.yaml in `c:\Users\theoc\OneDrive\Desktop\Work\Marketing-Website-Management-\dataconnect`
 {"metadata":{"emulator":{"name":"dataconnect"},"message":"E1223 19:34:29.338575   23068 watch.go:40] Failed to load config from \"c:\\\\Users\\\\theoc\\\\OneDrive\\\\Desktop\\\\Work\\\\Marketing-Website-Management-\\\\dataconnect\": could not find dataconnect.yaml in `c:\\Users\\theoc\\OneDrive\\Desktop\\Work\\Marketing-Website-Management-\\dataconnect`\n"}}
[debug] [2025-12-23T17:34:39.337Z] E1223 19:34:39.337364   23068 watch.go:40] Failed to load config from "c:\\Users\\theoc\\OneDrive\\Desktop\\Work\\Marketing-Website-Management-\\dataconnect": could not find dataconnect.yaml in `c:\Users\theoc\OneDrive\Desktop\Work\Marketing-Website-Management-\dataconnect`
 {"metadata":{"emulator":{"name":"dataconnect"},"message":"E1223 19:34:39.337364   23068 watch.go:40] Failed to load config from \"c:\\\\Users\\\\theoc\\\\OneDrive\\\\Desktop\\\\Work\\\\Marketing-Website-Management-\\\\dataconnect\": could not find dataconnect.yaml in `c:\\Users\\theoc\\OneDrive\\Desktop\\Work\\Marketing-Website-Management-\\dataconnect`\n"}}
[debug] [2025-12-23T17:34:49.337Z] E1223 19:34:49.337310   23068 watch.go:40] Failed to load config from "c:\\Users\\theoc\\OneDrive\\Desktop\\Work\\Marketing-Website-Management-\\dataconnect": could not find dataconnect.yaml in `c:\Users\theoc\OneDrive\Desktop\Work\Marketing-Website-Management-\dataconnect`
 {"metadata":{"emulator":{"name":"dataconnect"},"message":"E1223 19:34:49.337310   23068 watch.go:40] Failed to load config from \"c:\\\\Users\\\\theoc\\\\OneDrive\\\\Desktop\\\\Work\\\\Marketing-Website-Management-\\\\dataconnect\": could not find dataconnect.yaml in `c:\\Users\\theoc\\OneDrive\\Desktop\\Work\\Marketing-Website-Management-\\dataconnect`\n"}}
[debug] [2025-12-23T17:34:59.337Z] E1223 19:34:59.337276   23068 watch.go:40] Failed to load config from "c:\\Users\\theoc\\OneDrive\\Desktop\\Work\\Marketing-Website-Management-\\dataconnect": could not find dataconnect.yaml in `c:\Users\theoc\OneDrive\Desktop\Work\Marketing-Website-Management-\dataconnect`
 {"metadata":{"emulator":{"name":"dataconnect"},"message":"E1223 19:34:59.337276   23068 watch.go:40] Failed to load config from \"c:\\\\Users\\\\theoc\\\\OneDrive\\\\Desktop\\\\Work\\\\Marketing-Website-Management-\\\\dataconnect\": could not find dataconnect.yaml in `c:\\Users\\theoc\\OneDrive\\Desktop\\Work\\Marketing-Website-Management-\\dataconnect`\n"}}
[debug] [2025-12-23T17:35:09.339Z] E1223 19:35:09.339149   23068 watch.go:40] Failed to load config from "c:\\Users\\theoc\\OneDrive\\Desktop\\Work\\Marketing-Website-Management-\\dataconnect": could not find dataconnect.yaml in `c:\Users\theoc\OneDrive\Desktop\Work\Marketing-Website-Management-\dataconnect`
 {"metadata":{"emulator":{"name":"dataconnect"},"message":"E1223 19:35:09.339149   23068 watch.go:40] Failed to load config from \"c:\\\\Users\\\\theoc\\\\OneDrive\\\\Desktop\\\\Work\\\\Marketing-Website-Management-\\\\dataconnect\": could not find dataconnect.yaml in `c:\\Users\\theoc\\OneDrive\\Desktop\\Work\\Marketing-Website-Management-\\dataconnect`\n"}}
[info] [Firebase Plugin] Stopping Data Connect toolkit
[warn] !  Data Connect Emulator has exited upon receiving signal: SIGINT 
